<?xml version="1.0" encoding="UTF-8"?>
<coverage generated="1703438947982" clover="3.2.0">
  <project timestamp="1703438947982" name="All files">
    <metrics statements="14" coveredstatements="14" conditionals="0" coveredconditionals="0" methods="5" coveredmethods="5" elements="19" coveredelements="19" complexity="0" loc="14" ncloc="14" packages="1" files="2" classes="2"/>
    <file name="ArrayBufferConverter.js" path="/Users/kaimac/Desktop/ArrayBuffer/src/js/arrayBuffer/ArrayBufferConverter.js">
      <metrics statements="7" coveredstatements="7" conditionals="0" coveredconditionals="0" methods="3" coveredmethods="3"/>
      <line num="3" count="2" type="stmt"/>
      <line num="7" count="2" type="stmt"/>
      <line num="11" count="1" type="stmt"/>
      <line num="12" count="1" type="stmt"/>
      <line num="13" count="1" type="stmt"/>
      <line num="14" count="53" type="stmt"/>
      <line num="17" count="1" type="stmt"/>
    </file>
    <file name="getBuffer.js" path="/Users/kaimac/Desktop/ArrayBuffer/src/js/arrayBuffer/getBuffer.js">
      <metrics statements="7" coveredstatements="7" conditionals="0" coveredconditionals="0" methods="2" coveredmethods="2"/>
      <line num="2" count="2" type="stmt"/>
      <line num="3" count="2" type="stmt"/>
      <line num="4" count="2" type="stmt"/>
      <line num="5" count="2" type="stmt"/>
      <line num="6" count="2" type="stmt"/>
      <line num="7" count="106" type="stmt"/>
      <line num="9" count="2" type="stmt"/>
    </file>
  </project>
</coverage>
